MyBleClient/app/build/intermediates/manifest_merge_blame_file/debug/manifest-merger-blame-debug-report.txt
1<?xml version="1.0" encoding="utf-8"?>
2<manifest xmlns:android="http://schemas.android.com/apk/res/android"
3    package="com.myapp.mybleclient"
4    android:versionCode="1"
5    android:versionName="1.0" >
6
7    <uses-sdk
8        android:minSdkVersion="25"
8-->src/main/AndroidManifest.xml
9        android:targetSdkVersion="29" />
9-->src/main/AndroidManifest.xml
10
11    <uses-permission
11-->src/main/AndroidManifest.xml:5:5-68
12        android:name="android.permission.BLUETOOTH"
12-->src/main/AndroidManifest.xml:5:22-65
13        android:maxSdkVersion="30" />
13-->[no.nordicsemi.android:ble:2.5.0] AndroidManifest.xml:14:9-35
14    <uses-permission android:name="android.permission.BLUETOOTH_ADMIN" />
14-->src/main/AndroidManifest.xml:6:5-74
14-->src/main/AndroidManifest.xml:6:22-71
15    <uses-permission android:name="android.permission.ACCESS_FINE_LOCATION" />
15-->src/main/AndroidManifest.xml:7:5-79
15-->src/main/AndroidManifest.xml:7:22-76
16    <uses-permission android:name="android.permission.ACCESS_COARSE_LOCATION" />
16-->src/main/AndroidManifest.xml:8:5-81
16-->src/main/AndroidManifest.xml:8:22-78
17    <uses-permission android:name="android.permission.BLUETOOTH_ADVERTISE" />
17-->src/main/AndroidManifest.xml:9:5-78
17-->src/main/AndroidManifest.xml:9:22-75
18    <uses-permission android:name="android.permission.BLUETOOTH_CONNECT" />
18-->src/main/AndroidManifest.xml:10:5-76
18-->src/main/AndroidManifest.xml:10:22-73
19    <uses-permission android:name="android.permission.BLUETOOTH_SCAN" />
19-->src/main/AndroidManifest.xml:11:5-73
19-->src/main/AndroidManifest.xml:11:22-70
20    <uses-permission android:name="android.permission.CHANGE_WIFI_STATE" />
20-->src/main/AndroidManifest.xml:12:5-76
20-->src/main/AndroidManifest.xml:12:22-73
21    <uses-permission android:name="android.permission.FOREGROUND_SERVICE" />
21-->src/main/AndroidManifest.xml:13:5-77
21-->src/main/AndroidManifest.xml:13:22-74
22    <uses-permission android:name="android.permission.ACCESS_WIFI_STATE" />
22-->src/main/AndroidManifest.xml:15:5-75
22-->src/main/AndroidManifest.xml:15:22-73
23    <uses-permission android:name="android.permission.CHANGE_WIFI_STATE" />
23-->src/main/AndroidManifest.xml:12:5-76
23-->src/main/AndroidManifest.xml:12:22-73
24
25    <application
25-->src/main/AndroidManifest.xml:19:5-47:19
26        android:name="com.myapp.mybleclient.MyApp"
26-->src/main/AndroidManifest.xml:20:9-30
27        android:allowBackup="true"
27-->src/main/AndroidManifest.xml:21:9-35
28        android:appComponentFactory="androidx.core.app.CoreComponentFactory"
28-->[androidx.core:core:1.0.1] AndroidManifest.xml:22:18-86
29        android:debuggable="true"
30        android:extractNativeLibs="false"
31        android:icon="@mipmap/ic_launcher"
31-->src/main/AndroidManifest.xml:23:9-43
32        android:label="@string/app_name"
32-->src/main/AndroidManifest.xml:24:9-41
33        android:roundIcon="@mipmap/ic_launcher_round"
33-->src/main/AndroidManifest.xml:25:9-54
34        android:supportsRtl="true"
34-->src/main/AndroidManifest.xml:26:9-35
35        android:testOnly="true"
35-->src/main/AndroidManifest.xml:22:9-33
36        android:theme="@style/AppTheme" >
36-->src/main/AndroidManifest.xml:27:9-40
37        <activity
37-->src/main/AndroidManifest.xml:28:9-35:20
38            android:name="com.myapp.mybleclient.MainActivity"
38-->src/main/AndroidManifest.xml:28:19-47
39            android:windowSoftInputMode="adjustPan|stateHidden" >
39-->src/main/AndroidManifest.xml:29:13-64
40            <intent-filter>
40-->src/main/AndroidManifest.xml:30:13-34:29
41                <action android:name="android.intent.action.MAIN" />
41-->src/main/AndroidManifest.xml:31:17-69
41-->src/main/AndroidManifest.xml:31:25-66
42
43                <category android:name="android.intent.category.LAUNCHER" />
43-->src/main/AndroidManifest.xml:33:17-77
43-->src/main/AndroidManifest.xml:33:27-74
44            </intent-filter>
45        </activity>
46
47        <service
47-->src/main/AndroidManifest.xml:38:9-45:19
48            android:name="com.myapp.mybleclient.GattService"
48-->src/main/AndroidManifest.xml:39:13-40
49            android:enabled="true"
49-->src/main/AndroidManifest.xml:40:13-35
50            android:exported="false" >
50-->src/main/AndroidManifest.xml:41:13-37
51            <intent-filter>
51-->src/main/AndroidManifest.xml:42:13-44:29
52                <action android:name="data-plane" />
52-->src/main/AndroidManifest.xml:43:17-53
52-->src/main/AndroidManifest.xml:43:25-50
53            </intent-filter>
54        </service>
55    </application>
56
57</manifest>